<?xml version="1.0" encoding="UTF-8"?>
<testng-results skipped="0" failed="0" ignored="0" total="1" passed="1">
  <reporter-output>
  </reporter-output>
  <suite name="Suite" duration-ms="90641" started-at="2022-03-24T19:29:21Z" finished-at="2022-03-24T19:30:52Z">
    <groups>
      <group name="cucumber">
        <method signature="AbstractTestNGCucumberTests.feature(cucumber.api.testng.CucumberFeatureWrapper)[pri:0, instance:cucumberOptions.TestRunner@14593bf]" name="feature" class="cucumber.api.testng.AbstractTestNGCucumberTests"/>
      </group> <!-- cucumber -->
    </groups>
    <test name="Validating User Login" duration-ms="90641" started-at="2022-03-24T19:29:21Z" finished-at="2022-03-24T19:30:52Z">
      <class name="cucumberOptions.TestRunner">
        <test-method status="PASS" signature="setUpClass()[pri:0, instance:cucumberOptions.TestRunner@14593bf]" name="setUpClass" is-config="true" duration-ms="478" started-at="2022-03-25T00:59:21Z" finished-at="2022-03-25T00:59:22Z">
          <reporter-output>
          </reporter-output>
        </test-method> <!-- setUpClass -->
        <test-method status="PASS" signature="feature(cucumber.api.testng.CucumberFeatureWrapper)[pri:0, instance:cucumberOptions.TestRunner@14593bf]" name="feature" duration-ms="89558" started-at="2022-03-25T00:59:22Z" description="Runs Cucumber Feature" data-provider="features" finished-at="2022-03-25T01:00:51Z">
          <params>
            <param index="0">
              <value>
                <![CDATA[Login into Application]]>
              </value>
            </param>
          </params>
          <reporter-output>
          </reporter-output>
        </test-method> <!-- feature -->
        <test-method status="PASS" signature="tearDownClass()[pri:0, instance:cucumberOptions.TestRunner@14593bf]" name="tearDownClass" is-config="true" duration-ms="106" started-at="2022-03-25T01:00:52Z" finished-at="2022-03-25T01:00:52Z">
          <reporter-output>
          </reporter-output>
        </test-method> <!-- tearDownClass -->
      </class> <!-- cucumberOptions.TestRunner -->
    </test> <!-- Validating User Login -->
  </suite> <!-- Suite -->
</testng-results>
